[2025-11-29 05:59:36] INFO in logger: 日志系统初始化完成
[2025-11-29 06:01:03] INFO in logger: 日志系统初始化完成
[2025-11-29 06:01:03] WARNING in app: Flask-Limiter未安装，API限流功能不可用
[2025-11-29 06:01:03] INFO in app: 所有蓝图已注册
[2025-11-29 06:01:03] INFO in app: 数据库表检查完成
[2025-11-29 06:01:03] INFO in app: 应用初始化完成
[2025-11-29 06:01:03] INFO in logger: 日志系统初始化完成
[2025-11-29 06:01:03] WARNING in app: Flask-Limiter未安装，API限流功能不可用
[2025-11-29 06:01:03] INFO in app: 所有蓝图已注册
[2025-11-29 06:01:03] INFO in app: 数据库表检查完成
[2025-11-29 06:01:03] INFO in app: 应用初始化完成
[2025-11-29 06:06:06] INFO in logger: 日志系统初始化完成
[2025-11-29 06:06:06] WARNING in app: Flask-Limiter未安装，API限流功能不可用
[2025-11-29 06:06:06] INFO in app: 所有蓝图已注册
[2025-11-29 06:06:06] INFO in app: 数据库表检查完成
[2025-11-29 06:06:06] INFO in app: 应用初始化完成
[2025-11-29 06:06:09] INFO in logger: 日志系统初始化完成
[2025-11-29 06:06:09] INFO in app: 数据库迁移系统已启用
[2025-11-29 06:06:09] WARNING in app: Flask-Limiter未安装，API限流功能不可用
[2025-11-29 06:06:09] INFO in app: 所有蓝图已注册
[2025-11-29 06:06:09] INFO in app: 数据库表检查完成
[2025-11-29 06:06:09] INFO in app: 应用初始化完成
[2025-11-29 06:06:14] INFO in logger: 日志系统初始化完成
[2025-11-29 06:06:14] INFO in app: 数据库迁移系统已启用
[2025-11-29 06:06:14] WARNING in app: Flask-Limiter未安装，API限流功能不可用
[2025-11-29 06:06:14] INFO in app: 所有蓝图已注册
[2025-11-29 06:06:14] INFO in app: 数据库表检查完成
[2025-11-29 06:06:14] INFO in app: 应用初始化完成
[2025-11-29 06:06:21] INFO in logger: 日志系统初始化完成
[2025-11-29 06:06:21] INFO in app: 数据库迁移系统已启用
[2025-11-29 06:06:21] WARNING in app: Flask-Limiter未安装，API限流功能不可用
[2025-11-29 06:06:21] INFO in app: 所有蓝图已注册
[2025-11-29 06:06:21] INFO in app: 数据库表检查完成
[2025-11-29 06:06:21] INFO in app: 应用初始化完成
[2025-11-29 06:06:37] INFO in logger: 日志系统初始化完成
[2025-11-29 06:06:37] INFO in app: 数据库迁移系统已启用
[2025-11-29 06:06:37] WARNING in app: Flask-Limiter未安装，API限流功能不可用
[2025-11-29 06:06:37] INFO in app: 所有蓝图已注册
[2025-11-29 06:06:37] INFO in app: 数据库表检查完成
[2025-11-29 06:06:37] INFO in app: 应用初始化完成
[2025-11-29 06:06:44] INFO in logger: 日志系统初始化完成
[2025-11-29 06:06:44] INFO in app: 数据库迁移系统已启用
[2025-11-29 06:06:44] WARNING in app: Flask-Limiter未安装，API限流功能不可用
[2025-11-29 06:06:44] INFO in app: 所有蓝图已注册
[2025-11-29 06:06:44] INFO in app: 数据库表检查完成
[2025-11-29 06:06:44] INFO in app: 应用初始化完成
[2025-11-29 06:06:53] INFO in logger: 日志系统初始化完成
[2025-11-29 06:06:53] INFO in app: 数据库迁移系统已启用
[2025-11-29 06:06:53] WARNING in app: Flask-Limiter未安装，API限流功能不可用
[2025-11-29 06:06:53] INFO in app: 所有蓝图已注册
[2025-11-29 06:06:53] INFO in app: 数据库表检查完成
[2025-11-29 06:06:53] INFO in app: 应用初始化完成
[2025-11-29 06:07:12] INFO in logger: 日志系统初始化完成
[2025-11-29 06:07:12] INFO in app: 数据库迁移系统已启用
[2025-11-29 06:07:12] WARNING in app: Flask-Limiter未安装，API限流功能不可用
[2025-11-29 06:07:12] INFO in app: 所有蓝图已注册
[2025-11-29 06:07:12] INFO in app: 数据库表检查完成
[2025-11-29 06:07:12] INFO in app: 应用初始化完成
[2025-11-29 06:07:20] INFO in logger: 日志系统初始化完成
[2025-11-29 06:07:20] INFO in app: 数据库迁移系统已启用
[2025-11-29 06:07:20] WARNING in app: Flask-Limiter未安装，API限流功能不可用
[2025-11-29 06:07:20] INFO in app: 所有蓝图已注册
[2025-11-29 06:07:20] INFO in app: 数据库表检查完成
[2025-11-29 06:07:20] INFO in app: 应用初始化完成
[2025-11-29 06:07:47] INFO in logger: 日志系统初始化完成
[2025-11-29 06:07:47] INFO in app: 数据库迁移系统已启用
[2025-11-29 06:07:47] WARNING in app: Flask-Limiter未安装，API限流功能不可用
[2025-11-29 06:07:47] INFO in app: 所有蓝图已注册
[2025-11-29 06:07:47] INFO in app: 数据库表检查完成
[2025-11-29 06:07:47] INFO in app: 应用初始化完成
[2025-11-29 06:07:55] INFO in logger: 日志系统初始化完成
[2025-11-29 06:07:55] INFO in app: 数据库迁移系统已启用
[2025-11-29 06:07:55] WARNING in app: Flask-Limiter未安装，API限流功能不可用
[2025-11-29 06:07:55] INFO in app: 所有蓝图已注册
[2025-11-29 06:07:55] INFO in app: 数据库表检查完成
[2025-11-29 06:07:55] INFO in app: 应用初始化完成
[2025-11-29 06:07:58] INFO in logger: 日志系统初始化完成
[2025-11-29 06:07:58] INFO in app: 数据库迁移系统已启用
[2025-11-29 06:07:58] WARNING in app: Flask-Limiter未安装，API限流功能不可用
[2025-11-29 06:07:58] INFO in app: 所有蓝图已注册
[2025-11-29 06:07:58] INFO in app: 数据库表检查完成
[2025-11-29 06:07:58] INFO in app: 应用初始化完成
[2025-11-29 06:08:21] INFO in logger: 日志系统初始化完成
[2025-11-29 06:08:21] INFO in app: 数据库迁移系统已启用
[2025-11-29 06:08:21] WARNING in app: Flask-Limiter未安装，API限流功能不可用
[2025-11-29 06:08:21] INFO in app: 所有蓝图已注册
[2025-11-29 06:08:21] INFO in app: 数据库表检查完成
[2025-11-29 06:08:21] INFO in app: 应用初始化完成
[2025-11-29 06:08:35] INFO in logger: 日志系统初始化完成
[2025-11-29 06:08:35] INFO in app: 数据库迁移系统已启用
[2025-11-29 06:08:35] WARNING in app: Flask-Limiter未安装，API限流功能不可用
[2025-11-29 06:08:35] INFO in app: 所有蓝图已注册
[2025-11-29 06:08:35] INFO in app: 数据库表检查完成
[2025-11-29 06:08:35] INFO in app: 应用初始化完成
[2025-11-29 06:08:53] INFO in logger: 日志系统初始化完成
[2025-11-29 06:08:53] INFO in app: 数据库迁移系统已启用
[2025-11-29 06:08:53] WARNING in app: Flask-Limiter未安装，API限流功能不可用
[2025-11-29 06:08:53] INFO in app: 所有蓝图已注册
[2025-11-29 06:08:53] INFO in app: 数据库表检查完成
[2025-11-29 06:08:53] INFO in app: 应用初始化完成
[2025-11-29 06:12:27] INFO in logger: 日志系统初始化完成
[2025-11-29 06:12:27] INFO in app: 数据库迁移系统已启用
[2025-11-29 06:12:27] WARNING in app: Flask-Limiter未安装，API限流功能不可用
[2025-11-29 06:12:27] INFO in app: 所有蓝图已注册
[2025-11-29 06:12:27] INFO in app: 数据库表检查完成
[2025-11-29 06:12:27] INFO in app: 应用初始化完成
